[12:58:51] [ServerMain/INFO]: Environment: authHost='https://authserver.mojang.com', accountsHost='https://api.mojang.com', sessionHost='https://sessionserver.mojang.com', servicesHost='https://api.minecraftservices.com', name='PROD'
[12:58:51] [ServerMain/ERROR]: Couldn't load pack metadata
com.google.gson.JsonSyntaxException: Missing pack_format, expected to find a Int
	at aor.o(SourceFile:277) ~[server-1.20.1.jar:?]
	at aka.b(SourceFile:17) ~[server-1.20.1.jar:?]
	at aka.a(SourceFile:10) ~[server-1.20.1.jar:?]
	at ajh.a(SourceFile:53) ~[server-1.20.1.jar:?]
	at ajh.a(SourceFile:35) ~[server-1.20.1.jar:?]
	at akg.a(SourceFile:71) ~[server-1.20.1.jar:?]
	at akg.a(SourceFile:47) ~[server-1.20.1.jar:?]
	at akf.a(SourceFile:51) ~[server-1.20.1.jar:?]
	at akf.a(SourceFile:66) ~[server-1.20.1.jar:?]
	at akf.a(SourceFile:47) ~[server-1.20.1.jar:?]
	at aki.h(SourceFile:39) ~[server-1.20.1.jar:?]
	at aki.a(SourceFile:32) ~[server-1.20.1.jar:?]
	at net.minecraft.server.MinecraftServer.a(SourceFile:1351) ~[server-1.20.1.jar:?]
	at adj$d.a(SourceFile:97) ~[server-1.20.1.jar:?]
	at adj.a(SourceFile:29) ~[server-1.20.1.jar:?]
	at net.minecraft.server.Main.a(SourceFile:162) ~[server-1.20.1.jar:?]
	at ac.a(SourceFile:944) ~[server-1.20.1.jar:?]
	at ac.c(SourceFile:938) ~[server-1.20.1.jar:?]
	at net.minecraft.server.Main.main(SourceFile:160) ~[server-1.20.1.jar:?]
	at net.minecraft.bundler.Main.lambda$run$0(Main.java:54) ~[?:?]
	at java.lang.Thread.run(Thread.java:1474) ~[?:?]
[12:58:51] [ServerMain/WARN]: Missing metadata in pack file/bukkit
[12:58:51] [ServerMain/WARN]: Missing data pack file/bukkit
[12:58:52] [ServerMain/INFO]: Loaded 7 recipes
[12:58:52] [ServerMain/INFO]: Loaded 1271 advancements
[12:58:53] [Server thread/INFO]: Starting minecraft server version 1.20.1
[12:58:53] [Server thread/INFO]: Loading properties
[12:58:53] [Server thread/INFO]: Default game type: SURVIVAL
[12:58:53] [Server thread/INFO]: Generating keypair
[12:58:53] [Server thread/INFO]: Starting Minecraft server on *:25565
[12:58:53] [Server thread/INFO]: Using epoll channel type
[12:58:53] [Server thread/INFO]: Preparing level "world"
[12:58:53] [Server thread/ERROR]: Failed to load random sequence salt
java.util.NoSuchElementException: No value present
	at java.util.Optional.get(Optional.java:143) ~[?:?]
	at bed.a(SourceFile:103) ~[server-1.20.1.jar:?]
	at aif.a(SourceFile:262) ~[server-1.20.1.jar:?]
	at dyu.b(SourceFile:71) ~[server-1.20.1.jar:?]
	at dyu.a(SourceFile:58) ~[server-1.20.1.jar:?]
	at dyu.a(SourceFile:42) ~[server-1.20.1.jar:?]
	at aif.e(SourceFile:262) ~[server-1.20.1.jar:?]
	at java.util.Objects.requireNonNullElseGet(Objects.java:314) ~[?:?]
	at aif.<init>(SourceFile:262) ~[server-1.20.1.jar:?]
	at net.minecraft.server.MinecraftServer.a(SourceFile:359) ~[server-1.20.1.jar:?]
	at net.minecraft.server.MinecraftServer.n_(SourceFile:324) ~[server-1.20.1.jar:?]
	at ahe.e(SourceFile:169) ~[server-1.20.1.jar:?]
	at net.minecraft.server.MinecraftServer.w(SourceFile:646) ~[server-1.20.1.jar:?]
	at net.minecraft.server.MinecraftServer.a(SourceFile:265) ~[server-1.20.1.jar:?]
	at java.lang.Thread.run(Thread.java:1474) ~[?:?]
[12:58:53] [Server thread/ERROR]: Failed to load random sequence sequences
java.util.NoSuchElementException: No value present
	at java.util.Optional.get(Optional.java:143) ~[?:?]
	at bed.a(SourceFile:103) ~[server-1.20.1.jar:?]
	at aif.a(SourceFile:262) ~[server-1.20.1.jar:?]
	at dyu.b(SourceFile:71) ~[server-1.20.1.jar:?]
	at dyu.a(SourceFile:58) ~[server-1.20.1.jar:?]
	at dyu.a(SourceFile:42) ~[server-1.20.1.jar:?]
	at aif.e(SourceFile:262) ~[server-1.20.1.jar:?]
	at java.util.Objects.requireNonNullElseGet(Objects.java:314) ~[?:?]
	at aif.<init>(SourceFile:262) ~[server-1.20.1.jar:?]
	at net.minecraft.server.MinecraftServer.a(SourceFile:359) ~[server-1.20.1.jar:?]
	at net.minecraft.server.MinecraftServer.n_(SourceFile:324) ~[server-1.20.1.jar:?]
	at ahe.e(SourceFile:169) ~[server-1.20.1.jar:?]
	at net.minecraft.server.MinecraftServer.w(SourceFile:646) ~[server-1.20.1.jar:?]
	at net.minecraft.server.MinecraftServer.a(SourceFile:265) ~[server-1.20.1.jar:?]
	at java.lang.Thread.run(Thread.java:1474) ~[?:?]
[12:58:57] [Server thread/INFO]: Preparing start region for dimension minecraft:overworld
[12:58:58] [Worker-Main-2/INFO]: Preparing spawn area: 0%
[12:58:58] [Worker-Main-3/INFO]: Preparing spawn area: 0%
[12:58:58] [Worker-Main-3/INFO]: Preparing spawn area: 0%
[12:58:58] [Worker-Main-1/INFO]: Preparing spawn area: 0%
[12:58:59] [Worker-Main-3/INFO]: Preparing spawn area: 0%
[12:58:59] [Worker-Main-3/INFO]: Preparing spawn area: 0%
[12:59:00] [Worker-Main-2/INFO]: Preparing spawn area: 0%
[12:59:00] [Worker-Main-3/INFO]: Preparing spawn area: 0%
[12:59:01] [Worker-Main-1/INFO]: Preparing spawn area: 0%
[12:59:01] [Worker-Main-3/INFO]: Preparing spawn area: 1%
[12:59:02] [Worker-Main-2/INFO]: Preparing spawn area: 1%
[12:59:02] [Worker-Main-3/INFO]: Preparing spawn area: 2%
[12:59:03] [Worker-Main-2/INFO]: Preparing spawn area: 4%
[12:59:03] [Worker-Main-2/INFO]: Preparing spawn area: 5%
[12:59:04] [Worker-Main-1/INFO]: Preparing spawn area: 7%
[12:59:04] [Worker-Main-1/INFO]: Preparing spawn area: 9%
[12:59:05] [Worker-Main-1/INFO]: Preparing spawn area: 10%
[12:59:05] [Worker-Main-2/INFO]: Preparing spawn area: 11%
[12:59:06] [Worker-Main-2/INFO]: Preparing spawn area: 13%
[12:59:06] [Worker-Main-1/INFO]: Preparing spawn area: 15%
[12:59:07] [Worker-Main-3/INFO]: Preparing spawn area: 16%
[12:59:07] [Worker-Main-3/INFO]: Preparing spawn area: 18%
[12:59:08] [Worker-Main-1/INFO]: Preparing spawn area: 20%
[12:59:08] [Worker-Main-1/INFO]: Preparing spawn area: 23%
[12:59:09] [Worker-Main-1/INFO]: Preparing spawn area: 24%
[12:59:09] [Worker-Main-3/INFO]: Preparing spawn area: 26%
[12:59:10] [Worker-Main-1/INFO]: Preparing spawn area: 29%
[12:59:10] [Worker-Main-1/INFO]: Preparing spawn area: 32%
[12:59:11] [Worker-Main-3/INFO]: Preparing spawn area: 33%
[12:59:11] [Worker-Main-2/INFO]: Preparing spawn area: 35%
[12:59:12] [Worker-Main-1/INFO]: Preparing spawn area: 37%
[12:59:12] [Worker-Main-1/INFO]: Preparing spawn area: 39%
[12:59:13] [Worker-Main-2/INFO]: Preparing spawn area: 42%
[12:59:13] [Worker-Main-3/INFO]: Preparing spawn area: 44%
[12:59:14] [Worker-Main-2/INFO]: Preparing spawn area: 46%
[12:59:14] [Worker-Main-3/INFO]: Preparing spawn area: 48%
[12:59:15] [Worker-Main-3/INFO]: Preparing spawn area: 51%
[12:59:15] [Worker-Main-1/INFO]: Preparing spawn area: 54%
[12:59:16] [Worker-Main-1/INFO]: Preparing spawn area: 55%
[12:59:16] [Worker-Main-1/INFO]: Preparing spawn area: 58%
[12:59:17] [Worker-Main-2/INFO]: Preparing spawn area: 62%
[12:59:17] [Worker-Main-2/INFO]: Preparing spawn area: 65%
[12:59:18] [Worker-Main-1/INFO]: Preparing spawn area: 68%
[12:59:18] [Worker-Main-1/INFO]: Preparing spawn area: 69%
[12:59:19] [Worker-Main-2/INFO]: Preparing spawn area: 72%
[12:59:19] [Worker-Main-2/INFO]: Preparing spawn area: 75%
[12:59:20] [Worker-Main-1/INFO]: Preparing spawn area: 78%
[12:59:20] [Worker-Main-2/INFO]: Preparing spawn area: 81%
[12:59:21] [Worker-Main-3/INFO]: Preparing spawn area: 83%
[12:59:21] [Worker-Main-1/INFO]: Preparing spawn area: 86%
[12:59:22] [Worker-Main-1/INFO]: Preparing spawn area: 88%
[12:59:22] [Worker-Main-1/INFO]: Preparing spawn area: 91%
[12:59:23] [Worker-Main-3/INFO]: Preparing spawn area: 95%
[12:59:23] [Worker-Main-3/INFO]: Preparing spawn area: 97%
[12:59:23] [Server thread/INFO]: Time elapsed: 26841 ms
[12:59:23] [Server thread/INFO]: Done (30.540s)! For help, type "help"
